TN:
SF:C:/Users/Sulenchy/Documents/code/Event-Manager/webpack.config.dev.js
FNF:0
FNH:0
DA:1,1
DA:2,1
LF:2
LH:2
BRF:0
BRH:0
end_of_record
TN:
SF:C:/Users/Sulenchy/Documents/code/Event-Manager/server/index.js
FNF:0
FNH:0
DA:2,1
DA:3,1
DA:4,1
DA:5,1
DA:6,1
DA:8,1
DA:9,1
DA:11,1
DA:13,1
DA:15,1
DA:21,1
DA:25,1
DA:27,1
DA:30,1
DA:34,1
LF:15
LH:15
BRDA:30,0,0,1
BRDA:30,0,1,0
BRF:2
BRH:1
end_of_record
TN:
SF:C:/Users/Sulenchy/Documents/code/Event-Manager/server/test.js
FN:28,(anonymous_1)
FN:29,(anonymous_2)
FN:32,(anonymous_3)
FN:42,(anonymous_4)
FN:43,(anonymous_5)
FN:54,(anonymous_6)
FN:60,(anonymous_7)
FN:62,(anonymous_8)
FN:73,(anonymous_9)
FN:81,(anonymous_10)
FN:83,(anonymous_11)
FN:94,(anonymous_12)
FN:102,(anonymous_13)
FN:104,(anonymous_14)
FN:115,(anonymous_15)
FN:121,(anonymous_16)
FN:126,(anonymous_17)
FN:127,(anonymous_18)
FN:135,(anonymous_19)
FN:141,(anonymous_20)
FN:149,(anonymous_21)
FN:156,(anonymous_22)
FN:164,(anonymous_23)
FN:172,(anonymous_24)
FN:180,(anonymous_25)
FN:191,(anonymous_26)
FN:193,(anonymous_27)
FN:197,(anonymous_28)
FN:203,(anonymous_29)
FN:205,(anonymous_30)
FN:217,(anonymous_31)
FN:223,(anonymous_32)
FN:225,(anonymous_33)
FN:238,(anonymous_34)
FN:244,(anonymous_35)
FN:246,(anonymous_36)
FN:259,(anonymous_37)
FN:265,(anonymous_38)
FN:267,(anonymous_39)
FN:275,(anonymous_40)
FN:283,(anonymous_41)
FN:296,(anonymous_42)
FN:302,(anonymous_43)
FNF:43
FNH:34
FNDA:1,(anonymous_1)
FNDA:1,(anonymous_2)
FNDA:1,(anonymous_3)
FNDA:1,(anonymous_4)
FNDA:1,(anonymous_5)
FNDA:1,(anonymous_6)
FNDA:0,(anonymous_7)
FNDA:1,(anonymous_8)
FNDA:1,(anonymous_9)
FNDA:0,(anonymous_10)
FNDA:1,(anonymous_11)
FNDA:1,(anonymous_12)
FNDA:0,(anonymous_13)
FNDA:1,(anonymous_14)
FNDA:1,(anonymous_15)
FNDA:0,(anonymous_16)
FNDA:1,(anonymous_17)
FNDA:1,(anonymous_18)
FNDA:1,(anonymous_19)
FNDA:1,(anonymous_20)
FNDA:1,(anonymous_21)
FNDA:1,(anonymous_22)
FNDA:1,(anonymous_23)
FNDA:1,(anonymous_24)
FNDA:1,(anonymous_25)
FNDA:1,(anonymous_26)
FNDA:1,(anonymous_27)
FNDA:1,(anonymous_28)
FNDA:0,(anonymous_29)
FNDA:1,(anonymous_30)
FNDA:1,(anonymous_31)
FNDA:0,(anonymous_32)
FNDA:1,(anonymous_33)
FNDA:1,(anonymous_34)
FNDA:0,(anonymous_35)
FNDA:1,(anonymous_36)
FNDA:1,(anonymous_37)
FNDA:0,(anonymous_38)
FNDA:1,(anonymous_39)
FNDA:1,(anonymous_40)
FNDA:1,(anonymous_41)
FNDA:1,(anonymous_42)
FNDA:0,(anonymous_43)
DA:1,1
DA:2,1
DA:3,1
DA:4,1
DA:6,1
DA:12,1
DA:18,1
DA:24,1
DA:25,1
DA:28,1
DA:29,1
DA:30,1
DA:33,1
DA:34,1
DA:35,1
DA:36,1
DA:42,1
DA:43,1
DA:44,1
DA:55,1
DA:56,1
DA:57,1
DA:58,1
DA:60,0
DA:62,1
DA:63,1
DA:74,1
DA:75,1
DA:76,1
DA:77,1
DA:78,1
DA:79,1
DA:81,0
DA:83,1
DA:84,1
DA:95,1
DA:96,1
DA:97,1
DA:98,1
DA:99,1
DA:100,1
DA:102,0
DA:104,1
DA:105,1
DA:116,1
DA:117,1
DA:118,1
DA:119,1
DA:121,0
DA:126,1
DA:127,1
DA:128,1
DA:136,1
DA:137,1
DA:138,1
DA:141,1
DA:142,1
DA:150,1
DA:151,1
DA:152,1
DA:153,1
DA:156,1
DA:157,1
DA:166,1
DA:167,1
DA:168,1
DA:169,1
DA:172,1
DA:173,1
DA:181,1
DA:182,1
DA:183,1
DA:184,1
DA:185,1
DA:191,1
DA:193,1
DA:194,1
DA:198,1
DA:199,1
DA:200,1
DA:201,1
DA:203,0
DA:205,1
DA:206,1
DA:218,1
DA:219,1
DA:220,1
DA:221,1
DA:223,0
DA:225,1
DA:226,1
DA:239,1
DA:240,1
DA:241,1
DA:242,1
DA:244,0
DA:246,1
DA:247,1
DA:260,1
DA:261,1
DA:262,1
DA:263,1
DA:265,0
DA:267,1
DA:268,1
DA:276,1
DA:277,1
DA:278,1
DA:279,1
DA:280,1
DA:283,1
DA:284,1
DA:297,1
DA:298,1
DA:299,1
DA:300,1
DA:302,0
LF:117
LH:108
BRF:0
BRH:0
end_of_record
TN:
SF:C:/Users/Sulenchy/Documents/code/Event-Manager/server/auth/auth.js
FN:11,verifyUser
FN:23,(anonymous_2)
FNF:2
FNH:2
FNDA:4,verifyUser
FNDA:3,(anonymous_2)
DA:2,1
DA:20,4
DA:22,4
DA:23,3
DA:24,3
DA:25,1
DA:30,2
DA:31,2
DA:34,1
DA:39,3
LF:10
LH:10
BRDA:20,0,0,4
BRDA:20,0,1,1
BRDA:22,1,0,3
BRDA:22,1,1,1
BRDA:24,2,0,1
BRDA:24,2,1,2
BRF:6
BRH:6
end_of_record
TN:
SF:C:/Users/Sulenchy/Documents/code/Event-Manager/server/config/config.js
FNF:0
FNH:0
DA:1,1
DA:3,1
LF:2
LH:2
BRF:0
BRH:0
end_of_record
TN:
SF:C:/Users/Sulenchy/Documents/code/Event-Manager/server/controllers/centers.js
FN:40,(anonymous_7)
FN:48,(anonymous_8)
FN:75,(anonymous_12)
FN:90,(anonymous_13)
FN:121,(anonymous_17)
FN:136,(anonymous_18)
FN:173,(anonymous_22)
FN:186,(anonymous_23)
FN:193,(anonymous_24)
FNF:9
FNH:2
FNDA:1,(anonymous_7)
FNDA:0,(anonymous_8)
FNDA:1,(anonymous_12)
FNDA:0,(anonymous_13)
FNDA:0,(anonymous_17)
FNDA:0,(anonymous_18)
FNDA:0,(anonymous_22)
FNDA:0,(anonymous_23)
FNDA:0,(anonymous_24)
DA:2,1
DA:17,6
DA:19,2
DA:20,2
DA:21,1
DA:28,1
DA:29,1
DA:30,1
DA:41,1
DA:48,0
DA:71,1
DA:77,1
DA:78,1
DA:84,0
DA:90,0
DA:110,0
DA:123,0
DA:124,0
DA:130,0
DA:136,0
DA:163,0
DA:166,0
DA:174,0
DA:175,0
DA:182,0
DA:186,0
DA:193,0
LF:27
LH:12
BRDA:20,0,0,1
BRDA:20,0,1,1
BRDA:77,1,0,1
BRDA:77,1,1,0
BRDA:123,2,0,0
BRDA:123,2,1,0
BRDA:174,3,0,0
BRDA:174,3,1,0
BRF:8
BRH:3
end_of_record
TN:
SF:C:/Users/Sulenchy/Documents/code/Event-Manager/server/controllers/events.js
FN:35,(anonymous_7)
FN:44,(anonymous_8)
FN:73,(anonymous_12)
FN:93,(anonymous_13)
FN:100,(anonymous_14)
FN:128,(anonymous_18)
FN:138,(anonymous_19)
FN:144,(anonymous_20)
FNF:8
FNH:0
FNDA:0,(anonymous_7)
FNDA:0,(anonymous_8)
FNDA:0,(anonymous_12)
FNDA:0,(anonymous_13)
FNDA:0,(anonymous_14)
FNDA:0,(anonymous_18)
FNDA:0,(anonymous_19)
FNDA:0,(anonymous_20)
DA:2,1
DA:3,1
DA:17,0
DA:20,0
DA:21,0
DA:22,0
DA:23,0
DA:24,0
DA:36,0
DA:42,0
DA:44,0
DA:63,0
DA:66,0
DA:74,0
DA:75,0
DA:82,0
DA:93,0
DA:100,0
DA:118,0
DA:121,0
DA:129,0
DA:130,0
DA:136,0
DA:138,0
DA:144,0
LF:25
LH:2
BRDA:74,0,0,0
BRDA:74,0,1,0
BRDA:84,1,0,0
BRDA:84,1,1,0
BRDA:85,2,0,0
BRDA:85,2,1,0
BRDA:86,3,0,0
BRDA:86,3,1,0
BRDA:87,4,0,0
BRDA:87,4,1,0
BRDA:88,5,0,0
BRDA:88,5,1,0
BRDA:89,6,0,0
BRDA:89,6,1,0
BRDA:91,7,0,0
BRDA:91,7,1,0
BRDA:129,8,0,0
BRDA:129,8,1,0
BRF:18
BRH:0
end_of_record
TN:
SF:C:/Users/Sulenchy/Documents/code/Event-Manager/server/controllers/users.js
FN:56,(anonymous_8)
FN:64,(anonymous_9)
FN:103,(anonymous_13)
FNF:3
FNH:3
FNDA:2,(anonymous_8)
FNDA:1,(anonymous_9)
FNDA:4,(anonymous_13)
DA:2,1
DA:3,1
DA:4,1
DA:19,20
DA:23,4
DA:25,4
DA:26,4
DA:27,4
DA:28,4
DA:31,4
DA:32,1
DA:37,3
DA:38,0
DA:48,3
DA:49,3
DA:57,2
DA:64,1
DA:85,10
DA:90,5
DA:91,5
DA:92,1
DA:97,4
DA:104,4
DA:105,1
DA:110,3
DA:116,2
DA:117,2
DA:120,2
DA:127,1
LF:29
LH:28
BRDA:27,0,0,0
BRDA:27,0,1,4
BRDA:31,1,0,1
BRDA:31,1,1,3
BRDA:37,2,0,0
BRDA:37,2,1,3
BRDA:91,3,0,1
BRDA:91,3,1,4
BRDA:91,4,0,5
BRDA:91,4,1,5
BRDA:104,5,0,1
BRDA:104,5,1,3
BRDA:110,6,0,2
BRDA:110,6,1,1
BRF:14
BRH:12
end_of_record
TN:
SF:C:/Users/Sulenchy/Documents/code/Event-Manager/server/models/centers.js
FN:56,(anonymous_1)
FNF:1
FNH:1
FNDA:1,(anonymous_1)
DA:2,1
DA:56,1
DA:57,1
DA:61,1
DA:66,1
LF:5
LH:5
BRF:0
BRH:0
end_of_record
TN:
SF:C:/Users/Sulenchy/Documents/code/Event-Manager/server/models/events.js
FN:49,(anonymous_1)
FNF:1
FNH:1
FNDA:1,(anonymous_1)
DA:2,1
DA:49,1
DA:50,1
DA:54,1
DA:59,1
LF:5
LH:5
BRF:0
BRH:0
end_of_record
TN:
SF:C:/Users/Sulenchy/Documents/code/Event-Manager/server/models/index.js
FN:19,(anonymous_0)
FN:23,(anonymous_1)
FN:28,(anonymous_2)
FNF:3
FNH:3
FNDA:4,(anonymous_0)
FNDA:3,(anonymous_1)
FNDA:3,(anonymous_2)
DA:1,1
DA:2,1
DA:3,1
DA:5,1
DA:6,1
DA:7,1
DA:8,1
DA:10,1
DA:11,1
DA:12,0
DA:14,1
DA:17,1
DA:19,4
DA:24,3
DA:25,3
DA:28,1
DA:29,3
DA:30,3
DA:34,1
DA:35,1
DA:37,1
LF:21
LH:20
BRDA:6,0,0,1
BRDA:6,0,1,1
BRDA:11,1,0,0
BRDA:11,1,1,1
BRDA:20,2,0,4
BRDA:20,2,1,4
BRDA:20,2,2,3
BRDA:29,3,0,3
BRDA:29,3,1,0
BRF:9
BRH:7
end_of_record
TN:
SF:C:/Users/Sulenchy/Documents/code/Event-Manager/server/models/users.js
FN:42,(anonymous_1)
FNF:1
FNH:1
FNDA:1,(anonymous_1)
DA:2,1
DA:42,1
DA:43,1
DA:47,1
DA:52,1
LF:5
LH:5
BRF:0
BRH:0
end_of_record
TN:
SF:C:/Users/Sulenchy/Documents/code/Event-Manager/server/routes/routes.js
FN:18,(anonymous_1)
FN:29,(anonymous_2)
FNF:2
FNH:1
FNDA:1,(anonymous_1)
FNDA:0,(anonymous_2)
DA:1,1
DA:2,1
DA:3,1
DA:4,1
DA:5,1
DA:6,1
DA:7,1
DA:9,1
DA:12,1
DA:13,1
DA:14,1
DA:18,1
DA:19,1
DA:26,1
DA:27,1
DA:28,1
DA:29,1
DA:30,0
DA:33,1
DA:40,1
DA:41,1
DA:42,1
DA:48,1
DA:49,1
DA:50,1
LF:25
LH:24
BRF:0
BRH:0
end_of_record
