TN:
SF:C:/Users/Sulenchy/Documents/code/Event-Manager/webpack.config.dev.js
FNF:0
FNH:0
DA:1,1
DA:2,1
LF:2
LH:2
BRF:0
BRH:0
end_of_record
TN:
SF:C:/Users/Sulenchy/Documents/code/Event-Manager/server/index.js
FNF:0
FNH:0
DA:2,1
DA:3,1
DA:4,1
DA:5,1
DA:6,1
DA:7,1
DA:9,1
DA:10,1
DA:12,1
DA:14,1
DA:16,1
DA:22,1
DA:26,1
DA:28,1
DA:31,1
DA:35,1
DA:38,1
LF:17
LH:17
BRDA:31,0,0,1
BRDA:31,0,1,0
BRF:2
BRH:1
end_of_record
TN:
SF:C:/Users/Sulenchy/Documents/code/Event-Manager/server/test.js
FN:29,(anonymous_1)
FN:30,(anonymous_2)
FN:33,(anonymous_3)
FN:43,(anonymous_4)
FN:44,(anonymous_5)
FN:55,(anonymous_6)
FN:61,(anonymous_7)
FN:63,(anonymous_8)
FN:74,(anonymous_9)
FN:82,(anonymous_10)
FN:84,(anonymous_11)
FN:95,(anonymous_12)
FN:103,(anonymous_13)
FN:105,(anonymous_14)
FN:116,(anonymous_15)
FN:123,(anonymous_16)
FN:128,(anonymous_17)
FN:129,(anonymous_18)
FN:137,(anonymous_19)
FN:143,(anonymous_20)
FN:151,(anonymous_21)
FN:158,(anonymous_22)
FN:166,(anonymous_23)
FN:174,(anonymous_24)
FN:182,(anonymous_25)
FN:195,(anonymous_26)
FN:197,(anonymous_27)
FN:201,(anonymous_28)
FN:207,(anonymous_29)
FN:209,(anonymous_30)
FN:221,(anonymous_31)
FN:228,(anonymous_32)
FN:230,(anonymous_33)
FN:243,(anonymous_34)
FN:249,(anonymous_35)
FN:251,(anonymous_36)
FN:264,(anonymous_37)
FN:270,(anonymous_38)
FN:272,(anonymous_39)
FN:280,(anonymous_40)
FN:290,(anonymous_41)
FN:303,(anonymous_42)
FN:309,(anonymous_43)
FNF:43
FNH:34
FNDA:1,(anonymous_1)
FNDA:1,(anonymous_2)
FNDA:1,(anonymous_3)
FNDA:1,(anonymous_4)
FNDA:1,(anonymous_5)
FNDA:1,(anonymous_6)
FNDA:0,(anonymous_7)
FNDA:1,(anonymous_8)
FNDA:1,(anonymous_9)
FNDA:0,(anonymous_10)
FNDA:1,(anonymous_11)
FNDA:1,(anonymous_12)
FNDA:0,(anonymous_13)
FNDA:1,(anonymous_14)
FNDA:1,(anonymous_15)
FNDA:0,(anonymous_16)
FNDA:1,(anonymous_17)
FNDA:1,(anonymous_18)
FNDA:1,(anonymous_19)
FNDA:1,(anonymous_20)
FNDA:1,(anonymous_21)
FNDA:1,(anonymous_22)
FNDA:1,(anonymous_23)
FNDA:1,(anonymous_24)
FNDA:1,(anonymous_25)
FNDA:1,(anonymous_26)
FNDA:1,(anonymous_27)
FNDA:1,(anonymous_28)
FNDA:0,(anonymous_29)
FNDA:1,(anonymous_30)
FNDA:1,(anonymous_31)
FNDA:0,(anonymous_32)
FNDA:1,(anonymous_33)
FNDA:1,(anonymous_34)
FNDA:0,(anonymous_35)
FNDA:1,(anonymous_36)
FNDA:1,(anonymous_37)
FNDA:0,(anonymous_38)
FNDA:1,(anonymous_39)
FNDA:1,(anonymous_40)
FNDA:1,(anonymous_41)
FNDA:1,(anonymous_42)
FNDA:0,(anonymous_43)
DA:1,1
DA:2,1
DA:3,1
DA:4,1
DA:7,1
DA:13,1
DA:19,1
DA:25,1
DA:26,1
DA:29,1
DA:30,1
DA:31,1
DA:34,1
DA:35,1
DA:36,1
DA:37,1
DA:43,1
DA:44,1
DA:45,1
DA:56,1
DA:57,1
DA:58,1
DA:59,1
DA:61,0
DA:63,1
DA:64,1
DA:75,1
DA:76,1
DA:77,1
DA:78,1
DA:79,1
DA:80,1
DA:82,0
DA:84,1
DA:85,1
DA:96,1
DA:97,1
DA:98,1
DA:99,1
DA:100,1
DA:101,1
DA:103,0
DA:105,1
DA:106,1
DA:117,1
DA:118,1
DA:119,1
DA:120,1
DA:121,1
DA:123,0
DA:128,1
DA:129,1
DA:130,1
DA:138,1
DA:139,1
DA:140,1
DA:143,1
DA:144,1
DA:152,1
DA:153,1
DA:154,1
DA:155,1
DA:158,1
DA:159,1
DA:167,1
DA:168,1
DA:169,1
DA:170,1
DA:171,1
DA:174,1
DA:175,1
DA:183,1
DA:184,1
DA:185,1
DA:186,1
DA:187,1
DA:188,1
DA:189,1
DA:195,1
DA:197,1
DA:198,1
DA:202,1
DA:203,1
DA:204,1
DA:205,1
DA:207,0
DA:209,1
DA:210,1
DA:222,1
DA:223,1
DA:224,1
DA:225,1
DA:226,1
DA:228,0
DA:230,1
DA:231,1
DA:244,1
DA:245,1
DA:246,1
DA:247,1
DA:249,0
DA:251,1
DA:252,1
DA:265,1
DA:266,1
DA:267,1
DA:268,1
DA:270,0
DA:272,1
DA:273,1
DA:281,1
DA:282,1
DA:283,1
DA:284,1
DA:285,1
DA:286,1
DA:287,1
DA:290,1
DA:291,1
DA:304,1
DA:305,1
DA:306,1
DA:307,1
DA:309,0
LF:124
LH:115
BRF:0
BRH:0
end_of_record
TN:
SF:C:/Users/Sulenchy/Documents/code/Event-Manager/server/auth/auth.js
FN:11,verifyUser
FN:23,(anonymous_2)
FNF:2
FNH:2
FNDA:4,verifyUser
FNDA:3,(anonymous_2)
DA:2,1
DA:20,4
DA:22,4
DA:23,3
DA:24,3
DA:25,1
DA:30,2
DA:31,2
DA:34,1
DA:39,3
LF:10
LH:10
BRDA:20,0,0,4
BRDA:20,0,1,1
BRDA:22,1,0,3
BRDA:22,1,1,1
BRDA:24,2,0,1
BRDA:24,2,1,2
BRF:6
BRH:6
end_of_record
TN:
SF:C:/Users/Sulenchy/Documents/code/Event-Manager/server/config/config.js
FNF:0
FNH:0
DA:1,1
DA:3,1
LF:2
LH:2
BRF:0
BRH:0
end_of_record
TN:
SF:C:/Users/Sulenchy/Documents/code/Event-Manager/server/controllers/centers.js
FN:41,(anonymous_7)
FN:49,(anonymous_8)
FN:76,(anonymous_12)
FN:91,(anonymous_13)
FN:122,(anonymous_17)
FN:137,(anonymous_18)
FN:174,(anonymous_22)
FN:187,(anonymous_23)
FN:194,(anonymous_24)
FNF:9
FNH:2
FNDA:1,(anonymous_7)
FNDA:0,(anonymous_8)
FNDA:1,(anonymous_12)
FNDA:0,(anonymous_13)
FNDA:0,(anonymous_17)
FNDA:0,(anonymous_18)
FNDA:0,(anonymous_22)
FNDA:0,(anonymous_23)
FNDA:0,(anonymous_24)
DA:2,1
DA:17,6
DA:19,2
DA:20,2
DA:21,1
DA:22,1
DA:29,1
DA:30,1
DA:31,1
DA:42,1
DA:49,0
DA:72,1
DA:78,1
DA:79,1
DA:85,0
DA:91,0
DA:111,0
DA:124,0
DA:125,0
DA:131,0
DA:137,0
DA:164,0
DA:167,0
DA:175,0
DA:176,0
DA:183,0
DA:187,0
DA:194,0
LF:28
LH:13
BRDA:20,0,0,1
BRDA:20,0,1,1
BRDA:78,1,0,1
BRDA:78,1,1,0
BRDA:124,2,0,0
BRDA:124,2,1,0
BRDA:175,3,0,0
BRDA:175,3,1,0
BRF:8
BRH:3
end_of_record
TN:
SF:C:/Users/Sulenchy/Documents/code/Event-Manager/server/controllers/events.js
FN:35,(anonymous_7)
FN:44,(anonymous_8)
FN:73,(anonymous_12)
FN:93,(anonymous_13)
FN:100,(anonymous_14)
FN:128,(anonymous_18)
FN:138,(anonymous_19)
FN:144,(anonymous_20)
FNF:8
FNH:0
FNDA:0,(anonymous_7)
FNDA:0,(anonymous_8)
FNDA:0,(anonymous_12)
FNDA:0,(anonymous_13)
FNDA:0,(anonymous_14)
FNDA:0,(anonymous_18)
FNDA:0,(anonymous_19)
FNDA:0,(anonymous_20)
DA:2,1
DA:3,1
DA:17,0
DA:20,0
DA:21,0
DA:22,0
DA:23,0
DA:24,0
DA:36,0
DA:42,0
DA:44,0
DA:63,0
DA:66,0
DA:74,0
DA:75,0
DA:82,0
DA:93,0
DA:100,0
DA:118,0
DA:121,0
DA:129,0
DA:130,0
DA:136,0
DA:138,0
DA:144,0
LF:25
LH:2
BRDA:74,0,0,0
BRDA:74,0,1,0
BRDA:84,1,0,0
BRDA:84,1,1,0
BRDA:85,2,0,0
BRDA:85,2,1,0
BRDA:86,3,0,0
BRDA:86,3,1,0
BRDA:87,4,0,0
BRDA:87,4,1,0
BRDA:88,5,0,0
BRDA:88,5,1,0
BRDA:89,6,0,0
BRDA:89,6,1,0
BRDA:91,7,0,0
BRDA:91,7,1,0
BRDA:129,8,0,0
BRDA:129,8,1,0
BRF:18
BRH:0
end_of_record
TN:
SF:C:/Users/Sulenchy/Documents/code/Event-Manager/server/controllers/users.js
FN:63,(anonymous_8)
FN:71,(anonymous_9)
FN:110,(anonymous_13)
FNF:3
FNH:3
FNDA:2,(anonymous_8)
FNDA:1,(anonymous_9)
FNDA:4,(anonymous_13)
DA:2,1
DA:3,1
DA:4,1
DA:19,20
DA:26,4
DA:30,4
DA:32,4
DA:33,4
DA:34,4
DA:35,4
DA:36,4
DA:38,4
DA:39,1
DA:44,3
DA:45,0
DA:55,3
DA:56,3
DA:64,2
DA:71,1
DA:92,10
DA:97,5
DA:98,5
DA:99,1
DA:104,4
DA:111,4
DA:112,1
DA:117,3
DA:123,2
DA:124,2
DA:127,2
DA:134,1
LF:31
LH:30
BRDA:34,0,0,0
BRDA:34,0,1,4
BRDA:38,1,0,1
BRDA:38,1,1,3
BRDA:44,2,0,0
BRDA:44,2,1,3
BRDA:98,3,0,1
BRDA:98,3,1,4
BRDA:98,4,0,5
BRDA:98,4,1,5
BRDA:111,5,0,1
BRDA:111,5,1,3
BRDA:117,6,0,2
BRDA:117,6,1,1
BRF:14
BRH:12
end_of_record
TN:
SF:C:/Users/Sulenchy/Documents/code/Event-Manager/server/models/centers.js
FN:56,(anonymous_1)
FNF:1
FNH:1
FNDA:1,(anonymous_1)
DA:2,1
DA:56,1
DA:57,1
DA:61,1
DA:66,1
LF:5
LH:5
BRF:0
BRH:0
end_of_record
TN:
SF:C:/Users/Sulenchy/Documents/code/Event-Manager/server/models/events.js
FN:49,(anonymous_1)
FNF:1
FNH:1
FNDA:1,(anonymous_1)
DA:2,1
DA:49,1
DA:50,1
DA:54,1
DA:59,1
LF:5
LH:5
BRF:0
BRH:0
end_of_record
TN:
SF:C:/Users/Sulenchy/Documents/code/Event-Manager/server/models/index.js
FN:19,(anonymous_0)
FN:23,(anonymous_1)
FN:28,(anonymous_2)
FNF:3
FNH:3
FNDA:4,(anonymous_0)
FNDA:3,(anonymous_1)
FNDA:3,(anonymous_2)
DA:1,1
DA:2,1
DA:3,1
DA:5,1
DA:6,1
DA:7,1
DA:8,1
DA:10,1
DA:11,1
DA:12,0
DA:14,1
DA:17,1
DA:19,4
DA:24,3
DA:25,3
DA:28,1
DA:29,3
DA:30,3
DA:34,1
DA:35,1
DA:37,1
LF:21
LH:20
BRDA:6,0,0,1
BRDA:6,0,1,1
BRDA:11,1,0,0
BRDA:11,1,1,1
BRDA:20,2,0,4
BRDA:20,2,1,4
BRDA:20,2,2,3
BRDA:29,3,0,3
BRDA:29,3,1,0
BRF:9
BRH:7
end_of_record
TN:
SF:C:/Users/Sulenchy/Documents/code/Event-Manager/server/models/users.js
FN:42,(anonymous_1)
FNF:1
FNH:1
FNDA:1,(anonymous_1)
DA:2,1
DA:42,1
DA:43,1
DA:47,1
DA:52,1
LF:5
LH:5
BRF:0
BRH:0
end_of_record
TN:
SF:C:/Users/Sulenchy/Documents/code/Event-Manager/server/routes/routes.js
FN:18,(anonymous_1)
FN:29,(anonymous_2)
FNF:2
FNH:1
FNDA:1,(anonymous_1)
FNDA:0,(anonymous_2)
DA:1,1
DA:2,1
DA:3,1
DA:4,1
DA:5,1
DA:6,1
DA:7,1
DA:9,1
DA:12,1
DA:13,1
DA:14,1
DA:18,1
DA:19,1
DA:26,1
DA:27,1
DA:28,1
DA:29,1
DA:30,0
DA:33,1
DA:40,1
DA:41,1
DA:42,1
DA:48,1
DA:49,1
DA:50,1
LF:25
LH:24
BRF:0
BRH:0
end_of_record
